  MiniginPCH.cpp
  BaseComponent.cpp
  Font.cpp
  FPSComponent.cpp
  GameObject.cpp
  InputManager.cpp
  Main.cpp
  Minigin.cpp
  RenderComponent.cpp
  Renderer.cpp
  ResourceManager.cpp
  Scene.cpp
  SceneManager.cpp
  TextComponent.cpp
  Texture2D.cpp
  Time.cpp
  Transform.cpp
  TransformComponent.cpp
  Generating Code...
  Minigin.vcxproj -> C:\2DAE14_Programming4_Soetinck_Joachim\Minigin_2022\x64\Batch Build all\Minigin.exe
  Invalid number of parameters
  Invalid number of parameters
  Invalid number of parameters
C:\Program Files\Microsoft Visual Studio\2022\Enterprise\MSBuild\Microsoft\VC\v170\Microsoft.CppCommon.targets(157,5): error MSB3073: The command "xcopy C:\2DAE14_Programming4_Soetinck_Joachim\Minigin_2022\3rdParty\SDL2\lib\x64\SDL2.dll C:\2DAE14_Programming4_Soetinck_Joachim\Minigin_2022\x64\Batch Build all\ /R /Y
C:\Program Files\Microsoft Visual Studio\2022\Enterprise\MSBuild\Microsoft\VC\v170\Microsoft.CppCommon.targets(157,5): error MSB3073: xcopy C:\2DAE14_Programming4_Soetinck_Joachim\Minigin_2022\3rdParty\SDL2_image\lib\x64\*.dll C:\2DAE14_Programming4_Soetinck_Joachim\Minigin_2022\x64\Batch Build all\ /R /Y
C:\Program Files\Microsoft Visual Studio\2022\Enterprise\MSBuild\Microsoft\VC\v170\Microsoft.CppCommon.targets(157,5): error MSB3073: xcopy C:\2DAE14_Programming4_Soetinck_Joachim\Minigin_2022\3rdParty\SDL2_ttf\lib\x64\*.dll C:\2DAE14_Programming4_Soetinck_Joachim\Minigin_2022\x64\Batch Build all\ /R /Y
C:\Program Files\Microsoft Visual Studio\2022\Enterprise\MSBuild\Microsoft\VC\v170\Microsoft.CppCommon.targets(157,5): error MSB3073: :VCEnd" exited with code 4.
