c:\2dae14_programming4_soetinck_joachim\minigin_2022\minigin\x64\release\minigin.pch
c:\2dae14_programming4_soetinck_joachim\minigin_2022\minigin\x64\release\vc143.pdb
c:\2dae14_programming4_soetinck_joachim\minigin_2022\minigin\x64\release\miniginpch.obj
c:\2dae14_programming4_soetinck_joachim\minigin_2022\minigin\x64\release\transformcomponent.obj
c:\2dae14_programming4_soetinck_joachim\minigin_2022\minigin\x64\release\transform.obj
c:\2dae14_programming4_soetinck_joachim\minigin_2022\minigin\x64\release\time.obj
c:\2dae14_programming4_soetinck_joachim\minigin_2022\minigin\x64\release\texture2d.obj
c:\2dae14_programming4_soetinck_joachim\minigin_2022\minigin\x64\release\textcomponent.obj
c:\2dae14_programming4_soetinck_joachim\minigin_2022\minigin\x64\release\scenemanager.obj
c:\2dae14_programming4_soetinck_joachim\minigin_2022\minigin\x64\release\scene.obj
c:\2dae14_programming4_soetinck_joachim\minigin_2022\minigin\x64\release\resourcemanager.obj
c:\2dae14_programming4_soetinck_joachim\minigin_2022\minigin\x64\release\renderer.obj
c:\2dae14_programming4_soetinck_joachim\minigin_2022\minigin\x64\release\rendercomponent.obj
c:\2dae14_programming4_soetinck_joachim\minigin_2022\minigin\x64\release\minigin.obj
c:\2dae14_programming4_soetinck_joachim\minigin_2022\minigin\x64\release\main.obj
c:\2dae14_programming4_soetinck_joachim\minigin_2022\minigin\x64\release\inputmanager.obj
c:\2dae14_programming4_soetinck_joachim\minigin_2022\minigin\x64\release\gameobject.obj
c:\2dae14_programming4_soetinck_joachim\minigin_2022\minigin\x64\release\fpscomponent.obj
c:\2dae14_programming4_soetinck_joachim\minigin_2022\minigin\x64\release\font.obj
c:\2dae14_programming4_soetinck_joachim\minigin_2022\minigin\x64\release\basecomponent.obj
c:\2dae14_programming4_soetinck_joachim\minigin_2022\x64\release\minigin.exe
c:\2dae14_programming4_soetinck_joachim\minigin_2022\x64\release\minigin.pdb
c:\2dae14_programming4_soetinck_joachim\minigin_2022\minigin\x64\release\minigin.iobj
c:\2dae14_programming4_soetinck_joachim\minigin_2022\minigin\x64\release\minigin.ipdb
c:\2dae14_programming4_soetinck_joachim\minigin_2022\minigin\x64\release\minigin.tlog\cl.command.1.tlog
c:\2dae14_programming4_soetinck_joachim\minigin_2022\minigin\x64\release\minigin.tlog\cl.read.1.tlog
c:\2dae14_programming4_soetinck_joachim\minigin_2022\minigin\x64\release\minigin.tlog\cl.write.1.tlog
c:\2dae14_programming4_soetinck_joachim\minigin_2022\minigin\x64\release\minigin.tlog\link.command.1.tlog
c:\2dae14_programming4_soetinck_joachim\minigin_2022\minigin\x64\release\minigin.tlog\link.read.1.tlog
c:\2dae14_programming4_soetinck_joachim\minigin_2022\minigin\x64\release\minigin.tlog\link.write.1.tlog
