  MiniginPCH.cpp
  imgui_impl_opengl2.cpp
  imgui_impl_sdl.cpp
  imgui.cpp
  imgui_demo.cpp
  imgui_draw.cpp
  imgui_tables.cpp
  imgui_widgets.cpp
  imgui_plot.cpp
  BaseComponent.cpp
  ButtonComponent.cpp
  Command.cpp
  Font.cpp
  FPSComponent.cpp
  GameObject.cpp
  InputManager.cpp
  Main.cpp
  Minigin.cpp
  Observer.cpp
  RenderComponent.cpp
  Renderer.cpp
  ResourceManager.cpp
  RigidBodyComponent.cpp
  Scene.cpp
  SceneManager.cpp
  ServiceLocator.cpp
  Sound.cpp
  SoundSystem.cpp
  Subject.cpp
  Compiling...
  TextComponent.cpp
  Texture2D.cpp
  Timer.cpp
  Transform.cpp
  TransformComponent.cpp
opengl32.lib(OPENGL32.dll) : warning LNK4006: __NULL_IMPORT_DESCRIPTOR already defined in xinput.lib(XINPUT1_4.dll); second definition ignored
  Minigin.vcxproj -> C:\2DAE14_Programming4_Soetinck_Joachim\Minigin_2022\Win32\Release\Minigin.lib
  C:\2DAE14_Programming4_Soetinck_Joachim\Minigin_2022\3rdParty\SDL2\lib\x86\SDL2.dll
  1 File(s) copied
  C:\2DAE14_Programming4_Soetinck_Joachim\Minigin_2022\3rdParty\SDL2_image\lib\x86\libjpeg-9.dll
  C:\2DAE14_Programming4_Soetinck_Joachim\Minigin_2022\3rdParty\SDL2_image\lib\x86\libpng16-16.dll
  C:\2DAE14_Programming4_Soetinck_Joachim\Minigin_2022\3rdParty\SDL2_image\lib\x86\libtiff-5.dll
  C:\2DAE14_Programming4_Soetinck_Joachim\Minigin_2022\3rdParty\SDL2_image\lib\x86\libwebp-7.dll
  C:\2DAE14_Programming4_Soetinck_Joachim\Minigin_2022\3rdParty\SDL2_image\lib\x86\SDL2_image.dll
  C:\2DAE14_Programming4_Soetinck_Joachim\Minigin_2022\3rdParty\SDL2_image\lib\x86\zlib1.dll
  6 File(s) copied
  C:\2DAE14_Programming4_Soetinck_Joachim\Minigin_2022\3rdParty\SDL2_ttf\lib\x86\libfreetype-6.dll
  C:\2DAE14_Programming4_Soetinck_Joachim\Minigin_2022\3rdParty\SDL2_ttf\lib\x86\SDL2_ttf.dll
  2 File(s) copied
  C:\2DAE14_Programming4_Soetinck_Joachim\Minigin_2022\3rdParty\SDL2_mixer-2.0.4\lib\x86\libFLAC-8.dll
  C:\2DAE14_Programming4_Soetinck_Joachim\Minigin_2022\3rdParty\SDL2_mixer-2.0.4\lib\x86\libmodplug-1.dll
  C:\2DAE14_Programming4_Soetinck_Joachim\Minigin_2022\3rdParty\SDL2_mixer-2.0.4\lib\x86\libmpg123-0.dll
  C:\2DAE14_Programming4_Soetinck_Joachim\Minigin_2022\3rdParty\SDL2_mixer-2.0.4\lib\x86\libogg-0.dll
  C:\2DAE14_Programming4_Soetinck_Joachim\Minigin_2022\3rdParty\SDL2_mixer-2.0.4\lib\x86\libopus-0.dll
  C:\2DAE14_Programming4_Soetinck_Joachim\Minigin_2022\3rdParty\SDL2_mixer-2.0.4\lib\x86\libopusfile-0.dll
  C:\2DAE14_Programming4_Soetinck_Joachim\Minigin_2022\3rdParty\SDL2_mixer-2.0.4\lib\x86\libvorbis-0.dll
  C:\2DAE14_Programming4_Soetinck_Joachim\Minigin_2022\3rdParty\SDL2_mixer-2.0.4\lib\x86\libvorbisfile-3.dll
  C:\2DAE14_Programming4_Soetinck_Joachim\Minigin_2022\3rdParty\SDL2_mixer-2.0.4\lib\x86\SDL2_mixer.dll
  9 File(s) copied
