c:\2dae14_programming4_soetinck_joachim\minigin_2022\minigin\arm\debug\minigin.pch
c:\2dae14_programming4_soetinck_joachim\minigin_2022\minigin\arm\debug\vc143.pdb
c:\2dae14_programming4_soetinck_joachim\minigin_2022\minigin\arm\debug\miniginpch.obj
c:\2dae14_programming4_soetinck_joachim\minigin_2022\minigin\arm\debug\transformcomponent.obj
c:\2dae14_programming4_soetinck_joachim\minigin_2022\minigin\arm\debug\transform.obj
c:\2dae14_programming4_soetinck_joachim\minigin_2022\minigin\arm\debug\time.obj
c:\2dae14_programming4_soetinck_joachim\minigin_2022\minigin\arm\debug\texture2d.obj
c:\2dae14_programming4_soetinck_joachim\minigin_2022\minigin\arm\debug\textcomponent.obj
c:\2dae14_programming4_soetinck_joachim\minigin_2022\minigin\arm\debug\scenemanager.obj
c:\2dae14_programming4_soetinck_joachim\minigin_2022\minigin\arm\debug\scene.obj
c:\2dae14_programming4_soetinck_joachim\minigin_2022\minigin\arm\debug\resourcemanager.obj
c:\2dae14_programming4_soetinck_joachim\minigin_2022\minigin\arm\debug\renderer.obj
c:\2dae14_programming4_soetinck_joachim\minigin_2022\minigin\arm\debug\rendercomponent.obj
c:\2dae14_programming4_soetinck_joachim\minigin_2022\minigin\arm\debug\minigin.obj
c:\2dae14_programming4_soetinck_joachim\minigin_2022\minigin\arm\debug\main.obj
c:\2dae14_programming4_soetinck_joachim\minigin_2022\minigin\arm\debug\inputmanager.obj
c:\2dae14_programming4_soetinck_joachim\minigin_2022\minigin\arm\debug\gameobject.obj
c:\2dae14_programming4_soetinck_joachim\minigin_2022\minigin\arm\debug\fpscomponent.obj
c:\2dae14_programming4_soetinck_joachim\minigin_2022\minigin\arm\debug\font.obj
c:\2dae14_programming4_soetinck_joachim\minigin_2022\minigin\arm\debug\basecomponent.obj
c:\2dae14_programming4_soetinck_joachim\minigin_2022\minigin\arm\debug\minigin.tlog\cl.command.1.tlog
c:\2dae14_programming4_soetinck_joachim\minigin_2022\minigin\arm\debug\minigin.tlog\cl.read.1.tlog
c:\2dae14_programming4_soetinck_joachim\minigin_2022\minigin\arm\debug\minigin.tlog\cl.write.1.tlog
c:\2dae14_programming4_soetinck_joachim\minigin_2022\minigin\arm\debug\minigin.tlog\link.command.1.tlog
c:\2dae14_programming4_soetinck_joachim\minigin_2022\minigin\arm\debug\minigin.tlog\link.read.1.tlog
c:\2dae14_programming4_soetinck_joachim\minigin_2022\minigin\arm\debug\minigin.tlog\link.write.1.tlog
