  MiniginPCH.cpp
  imgui_impl_opengl2.cpp
  imgui_impl_sdl.cpp
  imgui.cpp
  imgui_demo.cpp
  imgui_draw.cpp
  imgui_tables.cpp
  imgui_widgets.cpp
  Generating Code...
  imgui_plot.cpp
  BaseComponent.cpp
  Command.cpp
  LivesComponent.cpp
  Font.cpp
  FPSComponent.cpp
  GameObject.cpp
  InputManager.cpp
  Main.cpp
  Minigin.cpp
  Observer.cpp
  PeterPepperComponent.cpp
  RenderComponent.cpp
  Renderer.cpp
  ResourceManager.cpp
  RigidBodyComponent.cpp
  Scene.cpp
  SceneManager.cpp
  ScoreComponent.cpp
  ServiceLocator.cpp
  Sound.cpp
  Generating Code...
  Compiling...
  SoundSystem.cpp
  Subject.cpp
  TextComponent.cpp
  Texture2D.cpp
  Time.cpp
  Transform.cpp
  TransformComponent.cpp
  Generating Code...
  Minigin.vcxproj -> C:\2DAE14_Programming4_Soetinck_Joachim\Minigin_2022\x64\Debug\Minigin.exe
  C:\2DAE14_Programming4_Soetinck_Joachim\Minigin_2022\3rdParty\SDL2\lib\x64\SDL2.dll
  1 File(s) copied
  C:\2DAE14_Programming4_Soetinck_Joachim\Minigin_2022\3rdParty\SDL2_image\lib\x64\libjpeg-9.dll
  C:\2DAE14_Programming4_Soetinck_Joachim\Minigin_2022\3rdParty\SDL2_image\lib\x64\libpng16-16.dll
  C:\2DAE14_Programming4_Soetinck_Joachim\Minigin_2022\3rdParty\SDL2_image\lib\x64\libtiff-5.dll
  C:\2DAE14_Programming4_Soetinck_Joachim\Minigin_2022\3rdParty\SDL2_image\lib\x64\libwebp-7.dll
  C:\2DAE14_Programming4_Soetinck_Joachim\Minigin_2022\3rdParty\SDL2_image\lib\x64\SDL2_image.dll
  C:\2DAE14_Programming4_Soetinck_Joachim\Minigin_2022\3rdParty\SDL2_image\lib\x64\zlib1.dll
  6 File(s) copied
  C:\2DAE14_Programming4_Soetinck_Joachim\Minigin_2022\3rdParty\SDL2_ttf\lib\x64\libfreetype-6.dll
  C:\2DAE14_Programming4_Soetinck_Joachim\Minigin_2022\3rdParty\SDL2_ttf\lib\x64\SDL2_ttf.dll
  2 File(s) copied
  C:\2DAE14_Programming4_Soetinck_Joachim\Minigin_2022\3rdParty\SDL2_mixer-2.0.4\lib\x64\libFLAC-8.dll
  C:\2DAE14_Programming4_Soetinck_Joachim\Minigin_2022\3rdParty\SDL2_mixer-2.0.4\lib\x64\libmodplug-1.dll
  C:\2DAE14_Programming4_Soetinck_Joachim\Minigin_2022\3rdParty\SDL2_mixer-2.0.4\lib\x64\libmpg123-0.dll
  C:\2DAE14_Programming4_Soetinck_Joachim\Minigin_2022\3rdParty\SDL2_mixer-2.0.4\lib\x64\libogg-0.dll
  C:\2DAE14_Programming4_Soetinck_Joachim\Minigin_2022\3rdParty\SDL2_mixer-2.0.4\lib\x64\libopus-0.dll
  C:\2DAE14_Programming4_Soetinck_Joachim\Minigin_2022\3rdParty\SDL2_mixer-2.0.4\lib\x64\libopusfile-0.dll
  C:\2DAE14_Programming4_Soetinck_Joachim\Minigin_2022\3rdParty\SDL2_mixer-2.0.4\lib\x64\libvorbis-0.dll
  C:\2DAE14_Programming4_Soetinck_Joachim\Minigin_2022\3rdParty\SDL2_mixer-2.0.4\lib\x64\libvorbisfile-3.dll
  C:\2DAE14_Programming4_Soetinck_Joachim\Minigin_2022\3rdParty\SDL2_mixer-2.0.4\lib\x64\SDL2_mixer.dll
  9 File(s) copied
