c:\2dae14_programming4_soetinck_joachim\minigin_2022\minigin\win32\debug\minigin.pch
c:\2dae14_programming4_soetinck_joachim\minigin_2022\minigin\win32\debug\vc143.pdb
c:\2dae14_programming4_soetinck_joachim\minigin_2022\minigin\win32\debug\vc143.idb
c:\2dae14_programming4_soetinck_joachim\minigin_2022\minigin\win32\debug\miniginpch.obj
c:\2dae14_programming4_soetinck_joachim\minigin_2022\minigin\win32\debug\transformcomponent.obj
c:\2dae14_programming4_soetinck_joachim\minigin_2022\minigin\win32\debug\transform.obj
c:\2dae14_programming4_soetinck_joachim\minigin_2022\minigin\win32\debug\time.obj
c:\2dae14_programming4_soetinck_joachim\minigin_2022\minigin\win32\debug\texture2d.obj
c:\2dae14_programming4_soetinck_joachim\minigin_2022\minigin\win32\debug\textcomponent.obj
c:\2dae14_programming4_soetinck_joachim\minigin_2022\minigin\win32\debug\scenemanager.obj
c:\2dae14_programming4_soetinck_joachim\minigin_2022\minigin\win32\debug\scene.obj
c:\2dae14_programming4_soetinck_joachim\minigin_2022\minigin\win32\debug\resourcemanager.obj
c:\2dae14_programming4_soetinck_joachim\minigin_2022\minigin\win32\debug\renderer.obj
c:\2dae14_programming4_soetinck_joachim\minigin_2022\minigin\win32\debug\rendercomponent.obj
c:\2dae14_programming4_soetinck_joachim\minigin_2022\minigin\win32\debug\minigin.obj
c:\2dae14_programming4_soetinck_joachim\minigin_2022\minigin\win32\debug\main.obj
c:\2dae14_programming4_soetinck_joachim\minigin_2022\minigin\win32\debug\inputmanager.obj
c:\2dae14_programming4_soetinck_joachim\minigin_2022\minigin\win32\debug\gameobject.obj
c:\2dae14_programming4_soetinck_joachim\minigin_2022\minigin\win32\debug\fpscomponent.obj
c:\2dae14_programming4_soetinck_joachim\minigin_2022\minigin\win32\debug\font.obj
c:\2dae14_programming4_soetinck_joachim\minigin_2022\minigin\win32\debug\basecomponent.obj
c:\2dae14_programming4_soetinck_joachim\minigin_2022\minigin\win32\debug\minigin.ilk
c:\2dae14_programming4_soetinck_joachim\minigin_2022\win32\debug\minigin.exe
c:\2dae14_programming4_soetinck_joachim\minigin_2022\win32\debug\minigin.pdb
c:\2dae14_programming4_soetinck_joachim\minigin_2022\minigin\win32\debug\minigin.tlog\cl.command.1.tlog
c:\2dae14_programming4_soetinck_joachim\minigin_2022\minigin\win32\debug\minigin.tlog\cl.read.1.tlog
c:\2dae14_programming4_soetinck_joachim\minigin_2022\minigin\win32\debug\minigin.tlog\cl.write.1.tlog
c:\2dae14_programming4_soetinck_joachim\minigin_2022\minigin\win32\debug\minigin.tlog\link.command.1.tlog
c:\2dae14_programming4_soetinck_joachim\minigin_2022\minigin\win32\debug\minigin.tlog\link.read.1.tlog
c:\2dae14_programming4_soetinck_joachim\minigin_2022\minigin\win32\debug\minigin.tlog\link.write.1.tlog
