  MiniginPCH.cpp
  BaseComponent.cpp
  Font.cpp
  FPSComponent.cpp
  GameObject.cpp
  InputManager.cpp
  Main.cpp
  Minigin.cpp
  RenderComponent.cpp
  Renderer.cpp
  ResourceManager.cpp
  Scene.cpp
  SceneManager.cpp
  TextComponent.cpp
  Texture2D.cpp
  Time.cpp
  Transform.cpp
  TransformComponent.cpp
  Generating Code...
  Minigin.vcxproj -> C:\2DAE14_Programming4_Soetinck_Joachim\Minigin_2022\Win32\Debug\Minigin.exe
  C:\2DAE14_Programming4_Soetinck_Joachim\Minigin_2022\3rdParty\SDL2\lib\x86\SDL2.dll
  1 File(s) copied
  C:\2DAE14_Programming4_Soetinck_Joachim\Minigin_2022\3rdParty\SDL2_image\lib\x86\libjpeg-9.dll
  C:\2DAE14_Programming4_Soetinck_Joachim\Minigin_2022\3rdParty\SDL2_image\lib\x86\libpng16-16.dll
  C:\2DAE14_Programming4_Soetinck_Joachim\Minigin_2022\3rdParty\SDL2_image\lib\x86\libtiff-5.dll
  C:\2DAE14_Programming4_Soetinck_Joachim\Minigin_2022\3rdParty\SDL2_image\lib\x86\libwebp-7.dll
  C:\2DAE14_Programming4_Soetinck_Joachim\Minigin_2022\3rdParty\SDL2_image\lib\x86\SDL2_image.dll
  C:\2DAE14_Programming4_Soetinck_Joachim\Minigin_2022\3rdParty\SDL2_image\lib\x86\zlib1.dll
  6 File(s) copied
  C:\2DAE14_Programming4_Soetinck_Joachim\Minigin_2022\3rdParty\SDL2_ttf\lib\x86\libfreetype-6.dll
  C:\2DAE14_Programming4_Soetinck_Joachim\Minigin_2022\3rdParty\SDL2_ttf\lib\x86\SDL2_ttf.dll
  2 File(s) copied
