  MiniginPCH.cpp
  BaseComponent.cpp
  Font.cpp
  FPSComponent.cpp
  GameObject.cpp
  InputManager.cpp
  Main.cpp
  Minigin.cpp
  RenderComponent.cpp
  Renderer.cpp
  ResourceManager.cpp
  Scene.cpp
  SceneManager.cpp
  TextComponent.cpp
  Texture2D.cpp
  Time.cpp
  Transform.cpp
  TransformComponent.cpp
C:\Program Files\Microsoft Visual Studio\2022\Enterprise\MSBuild\Microsoft\VC\v170\Microsoft.CppCommon.targets(1092,5): error MSB6006: "link.exe" exited with code 1181.
LINK : fatal error LNK1181: cannot open input file 'SDL2.lib'
