c:\2dae14_programming4_soetinck_joachim\minigin_2022\burgertime\x64\debug\vc143.pdb
c:\2dae14_programming4_soetinck_joachim\minigin_2022\burgertime\x64\debug\vc143.idb
c:\2dae14_programming4_soetinck_joachim\minigin_2022\burgertime\x64\debug\burgertime.obj
c:\2dae14_programming4_soetinck_joachim\minigin_2022\burgertime\x64\debug\burgertimepch.obj
c:\2dae14_programming4_soetinck_joachim\minigin_2022\burgertime\x64\debug\burgertimegame.obj
c:\2dae14_programming4_soetinck_joachim\minigin_2022\burgertime\x64\debug\enemy.obj
c:\2dae14_programming4_soetinck_joachim\minigin_2022\burgertime\x64\debug\laddercomponent.obj
c:\2dae14_programming4_soetinck_joachim\minigin_2022\burgertime\x64\debug\platformcomponent.obj
c:\2dae14_programming4_soetinck_joachim\minigin_2022\x64\debug\burgertime.pdb
c:\2dae14_programming4_soetinck_joachim\minigin_2022\burgertime\x64\debug\burgertime.tlog\cl.command.1.tlog
c:\2dae14_programming4_soetinck_joachim\minigin_2022\burgertime\x64\debug\burgertime.tlog\cl.read.1.tlog
c:\2dae14_programming4_soetinck_joachim\minigin_2022\burgertime\x64\debug\burgertime.tlog\cl.write.1.tlog
c:\2dae14_programming4_soetinck_joachim\minigin_2022\burgertime\x64\debug\burgertime.tlog\link-cvtres.read.1.tlog
c:\2dae14_programming4_soetinck_joachim\minigin_2022\burgertime\x64\debug\burgertime.tlog\link-cvtres.write.1.tlog
c:\2dae14_programming4_soetinck_joachim\minigin_2022\burgertime\x64\debug\burgertime.tlog\link-rc.read.1.tlog
c:\2dae14_programming4_soetinck_joachim\minigin_2022\burgertime\x64\debug\burgertime.tlog\link-rc.write.1.tlog
c:\2dae14_programming4_soetinck_joachim\minigin_2022\burgertime\x64\debug\burgertime.tlog\link.command.1.tlog
c:\2dae14_programming4_soetinck_joachim\minigin_2022\burgertime\x64\debug\burgertime.tlog\link.read.1.tlog
c:\2dae14_programming4_soetinck_joachim\minigin_2022\burgertime\x64\debug\burgertime.tlog\link.read.2.tlog
c:\2dae14_programming4_soetinck_joachim\minigin_2022\burgertime\x64\debug\burgertime.tlog\link.write.1.tlog
